2025-12-10 15:54:00 | WARN | repo=2017-course-sys-int-activemq-seminar | action=commit
2025-10-24 08:54:00 | INFO | repo=2017-course-sys-int-activemq-seminar | action=edit | files=4
2025-05-07 07:13:00 | WARN | repo=2017-course-sys-int-activemq-seminar | action=commit
2025-05-08 10:26:00 | WARN | repo=2017-course-sys-int-activemq-seminar | action=commit
2025-06-24 19:04:00 | WARN | repo=2017-course-sys-int-activemq-seminar | action=commit
2025-03-17 19:36:00 | WARN | repo=2017-course-sys-int-activemq-seminar | action=commit
2025-10-22 08:10:00 | DEBUG | repo=2017-course-sys-int-activemq-seminar | action=pull
2025-12-13 14:16:00 | WARN | repo=2017-course-sys-int-activemq-seminar | action=pull
2025-04-09 18:04:00 | DEBUG | repo=2017-course-sys-int-activemq-seminar | action=commit
2025-06-23 18:06:00 | DEBUG | repo=2017-course-sys-int-activemq-seminar | action=test | passed=true
2025-03-22 13:16:00 | DEBUG | repo=2017-course-sys-int-activemq-seminar | action=test | passed=true
2025-05-02 18:22:00 | WARN | repo=2017-course-sys-int-activemq-seminar | action=commit
2025-04-24 14:22:00 | INFO | repo=2017-course-sys-int-activemq-seminar | action=commit
2025-09-10 12:51:00 | INFO | repo=2017-course-sys-int-activemq-seminar | action=test | passed=true
2025-04-28 16:37:00 | WARN | repo=2017-course-sys-int-activemq-seminar | action=commit
2025-04-19 13:18:00 | WARN | repo=2017-course-sys-int-activemq-seminar | action=commit
2025-07-11 18:22:00 | INFO | repo=2017-course-sys-int-activemq-seminar | action=commit
2025-02-26 18:35:00 | WARN | repo=2017-course-sys-int-activemq-seminar | action=commit
2025-02-06 12:45:00 | INFO | repo=2017-course-sys-int-activemq-seminar | action=commit
2025-12-28 19:03:00 | WARN | repo=2017-course-sys-int-activemq-seminar | action=edit | files=4
2025-06-03 16:41:00 | DEBUG | repo=2017-course-sys-int-activemq-seminar | action=commit
2025-08-08 19:19:00 | INFO | repo=2017-course-sys-int-activemq-seminar | action=commit
2025-06-26 07:50:00 | WARN | repo=2017-course-sys-int-activemq-seminar | action=pull
2025-05-09 14:08:00 | DEBUG | repo=2017-course-sys-int-activemq-seminar | action=commit
2025-06-17 07:08:00 | WARN | repo=2017-course-sys-int-activemq-seminar | action=test | passed=true
2025-12-06 21:04:00 | INFO | repo=2017-course-sys-int-activemq-seminar | action=commit
2025-12-26 16:42:00 | DEBUG | repo=2017-course-sys-int-activemq-seminar | action=commit
2025-06-06 19:21:00 | WARN | repo=2017-course-sys-int-activemq-seminar | action=commit
2025-10-15 13:23:00 | WARN | repo=2017-course-sys-int-activemq-seminar | action=commit
2025-03-21 20:38:00 | DEBUG | repo=2017-course-sys-int-activemq-seminar | action=commit
2025-09-23 08:40:00 | DEBUG | repo=2017-course-sys-int-activemq-seminar | action=edit | files=5
2025-12-20 08:07:00 | INFO | repo=2017-course-sys-int-activemq-seminar | action=commit
2025-05-04 07:23:00 | WARN | repo=2017-course-sys-int-activemq-seminar | action=pull
2025-03-25 07:43:00 | DEBUG | repo=2017-course-sys-int-activemq-seminar | action=commit
2025-03-16 11:27:00 | DEBUG | repo=2017-course-sys-int-activemq-seminar | action=commit
2025-08-28 12:55:00 | INFO | repo=2017-course-sys-int-activemq-seminar | action=edit | files=2
2025-03-12 09:53:00 | WARN | repo=2017-course-sys-int-activemq-seminar | action=commit
2025-12-02 08:53:00 | WARN | repo=2017-course-sys-int-activemq-seminar | action=test | passed=true
2025-08-06 20:14:00 | DEBUG | repo=2017-course-sys-int-activemq-seminar | action=commit
2025-03-22 14:37:00 | DEBUG | repo=2017-course-sys-int-activemq-seminar | action=edit | files=2
2025-10-23 16:05:00 | INFO | repo=2017-course-sys-int-activemq-seminar | action=pull
2025-12-04 20:41:00 | DEBUG | repo=2017-course-sys-int-activemq-seminar | action=pull
2025-09-12 10:03:00 | INFO | repo=2017-course-sys-int-activemq-seminar | action=edit | files=1
2025-08-06 14:00:00 | DEBUG | repo=2017-course-sys-int-activemq-seminar | action=commit
2025-06-20 09:06:00 | DEBUG | repo=2017-course-sys-int-activemq-seminar | action=commit
2025-03-27 16:27:00 | WARN | repo=2017-course-sys-int-activemq-seminar | action=commit
2025-08-20 18:01:00 | WARN | repo=2017-course-sys-int-activemq-seminar | action=edit | files=4
2025-12-14 16:20:00 | WARN | repo=2017-course-sys-int-activemq-seminar | action=test | passed=true
2025-03-18 12:41:00 | INFO | repo=2017-course-sys-int-activemq-seminar | action=commit
2025-08-21 08:58:00 | WARN | repo=2017-course-sys-int-activemq-seminar | action=commit
2025-08-11 10:29:00 | DEBUG | repo=2017-course-sys-int-activemq-seminar | action=commit
2025-08-17 08:33:00 | WARN | repo=2017-course-sys-int-activemq-seminar | action=test | passed=true
2025-04-16 20:34:00 | WARN | repo=2017-course-sys-int-activemq-seminar | action=test | passed=true
2025-06-02 19:26:00 | DEBUG | repo=2017-course-sys-int-activemq-seminar | action=test | passed=true
2025-11-11 11:56:00 | WARN | repo=2017-course-sys-int-activemq-seminar | action=commit
2025-07-14 19:55:00 | INFO | repo=2017-course-sys-int-activemq-seminar | action=commit
2025-07-15 09:30:00 | DEBUG | repo=2017-course-sys-int-activemq-seminar | action=commit
2025-08-02 17:24:00 | INFO | repo=2017-course-sys-int-activemq-seminar | action=commit
2025-04-01 20:43:00 | DEBUG | repo=2017-course-sys-int-activemq-seminar | action=pull
2025-06-08 14:56:00 | DEBUG | repo=2017-course-sys-int-activemq-seminar | action=commit
2025-06-04 07:13:00 | DEBUG | repo=2017-course-sys-int-activemq-seminar | action=commit
2025-12-17 20:23:00 | WARN | repo=2017-course-sys-int-activemq-seminar | action=commit
2025-03-09 15:17:00 | WARN | repo=2017-course-sys-int-activemq-seminar | action=edit | files=4
2025-06-25 19:18:00 | INFO | repo=2017-course-sys-int-activemq-seminar | action=commit
2025-08-02 19:05:00 | WARN | repo=2017-course-sys-int-activemq-seminar | action=commit
2025-08-19 13:04:00 | INFO | repo=2017-course-sys-int-activemq-seminar | action=commit
2025-02-12 19:54:00 | WARN | repo=2017-course-sys-int-activemq-seminar | action=edit | files=1
2025-08-17 08:43:00 | WARN | repo=2017-course-sys-int-activemq-seminar | action=commit
2025-06-14 09:09:00 | DEBUG | repo=2017-course-sys-int-activemq-seminar | action=edit | files=4
2025-03-10 20:35:00 | DEBUG | repo=2017-course-sys-int-activemq-seminar | action=commit
2025-08-21 16:02:00 | DEBUG | repo=2017-course-sys-int-activemq-seminar | action=commit
2025-10-26 08:43:00 | INFO | repo=2017-course-sys-int-activemq-seminar | action=commit
2025-04-05 15:25:00 | WARN | repo=2017-course-sys-int-activemq-seminar | action=commit
2025-08-26 20:44:00 | INFO | repo=2017-course-sys-int-activemq-seminar | action=commit
2025-03-12 21:04:00 | INFO | repo=2017-course-sys-int-activemq-seminar | action=commit
2025-02-11 08:36:00 | INFO | repo=2017-course-sys-int-activemq-seminar | action=edit | files=5
2025-09-03 18:16:00 | INFO | repo=2017-course-sys-int-activemq-seminar | action=commit
